#
# A fatal error has been detected by the Java Runtime Environment:
#
#  Internal Error (safepoint.cpp:310), pid=855, tid=0x0000000000002d03
#  guarantee(PageArmed == 0) failed: invariant
#
# JRE version: Java(TM) SE Runtime Environment (8.0_111-b14) (build 1.8.0_111-b14)
# Java VM: Java HotSpot(TM) 64-Bit Server VM (25.111-b14 mixed mode bsd-amd64 compressed oops)
# Failed to write core dump. Core dumps have been disabled. To enable core dumping, try "ulimit -c unlimited" before starting Java again
#
# If you would like to submit a bug report, please visit:
#   http://bugreport.java.com/bugreport/crash.jsp
#

---------------  T H R E A D  ---------------

Current thread (0x00007fc72380d800):  VMThread [stack: 0x000070001017e000,0x000070001027e000] [id=11523]

Stack: [0x000070001017e000,0x000070001027e000],  sp=0x000070001027d910,  free space=1022k
Native frames: (J=compiled Java code, j=interpreted, Vv=VM code, C=native code)
V  [libjvm.dylib+0x5afbde]
V  [libjvm.dylib+0x1e74a3]
V  [libjvm.dylib+0x4e0eae]
V  [libjvm.dylib+0x5b621b]
V  [libjvm.dylib+0x5b5b49]
V  [libjvm.dylib+0x489b0a]
C  [libsystem_pthread.dylib+0x3aab]  _pthread_body+0xb4
C  [libsystem_pthread.dylib+0x39f7]  _pthread_body+0x0
C  [libsystem_pthread.dylib+0x31fd]  thread_start+0xd

VM_Operation (0x0000700010b97148): ParallelGCFailedAllocation, mode: safepoint, requested by thread 0x00007fc72285b000


---------------  P R O C E S S  ---------------

Java Threads: ( => current thread )
  0x00007fc72285b000 JavaThread "SIGTERM handler" daemon [_thread_blocked, id=5127, stack(0x0000700010a99000,0x0000700010b99000)]
  0x00007fc723821000 JavaThread "Service Thread" daemon [_thread_blocked, id=18691, stack(0x0000700010893000,0x0000700010993000)]
  0x00007fc723817000 JavaThread "C1 CompilerThread2" daemon [_thread_blocked, id=18179, stack(0x0000700010790000,0x0000700010890000)]
  0x00007fc72283d800 JavaThread "C2 CompilerThread1" daemon [_thread_blocked, id=17667, stack(0x000070001068d000,0x000070001078d000)]
  0x00007fc722830000 JavaThread "C2 CompilerThread0" daemon [_thread_blocked, id=17155, stack(0x000070001058a000,0x000070001068a000)]
  0x00007fc72282e000 JavaThread "Signal Dispatcher" daemon [_thread_blocked, id=16643, stack(0x0000700010487000,0x0000700010587000)]
  0x00007fc72400b800 JavaThread "Finalizer" daemon [_thread_blocked, id=12547, stack(0x0000700010384000,0x0000700010484000)]
  0x00007fc723810000 JavaThread "Reference Handler" daemon [_thread_blocked, id=12035, stack(0x0000700010281000,0x0000700010381000)]
  0x00007fc723802000 JavaThread "main" [_thread_in_Java, id=7171, stack(0x000070000fc6f000,0x000070000fd6f000)]

Other Threads:
=>0x00007fc72380d800 VMThread [stack: 0x000070001017e000,0x000070001027e000] [id=11523]
  0x00007fc723822000 WatcherThread [stack: 0x0000700010996000,0x0000700010a96000] [id=19203]

VM state:synchronizing (normal execution)

VM Mutex/Monitor currently owned by a thread:  ([mutex/lock_event])
[0x00007fc722603ab0] Safepoint_lock - owner thread: 0x00007fc72380d800
[0x00007fc722603b30] Threads_lock - owner thread: 0x00007fc72380d800
[0x00007fc722604030] Heap_lock - owner thread: 0x00007fc72285b000

Heap:
 PSYoungGen      total 35328K, used 32768K [0x00000007aab00000, 0x00000007ad000000, 0x00000007c0000000)
  eden space 32768K, 100% used [0x00000007aab00000,0x00000007acb00000,0x00000007acb00000)
  from space 2560K, 0% used [0x00000007acd80000,0x00000007acd80000,0x00000007ad000000)
  to   space 2560K, 0% used [0x00000007acb00000,0x00000007acb00000,0x00000007acd80000)
 ParOldGen       total 89088K, used 47257K [0x0000000780000000, 0x0000000785700000, 0x00000007aab00000)
  object space 89088K, 53% used [0x0000000780000000,0x0000000782e264f8,0x0000000785700000)
 Metaspace       used 3376K, capacity 4494K, committed 4864K, reserved 1056768K
  class space    used 379K, capacity 386K, committed 512K, reserved 1048576K

Card table byte_map: [0x0000000110361000,0x0000000110562000] byte_map_base: 0x000000010c761000

Marking Bits: (ParMarkBitMap*) 0x000000010f8efd20
 Begin Bits: [0x00000001106b8000, 0x00000001116b8000)
 End Bits:   [0x00000001116b8000, 0x00000001126b8000)

Polling page: 0x000000010e6b6000

CodeCache: size=245760Kb used=1494Kb max_used=1507Kb free=244265Kb
 bounds [0x0000000117722000, 0x0000000117992000, 0x0000000126722000]
 total_blobs=359 nmethods=118 adapters=155
 compilation: enabled

Compilation events (10 events):
Event: 73.089 Thread 0x00007fc723817000 nmethod 114 0x0000000117890790 code [0x00000001178908e0, 0x00000001178909f0]
Event: 73.097 Thread 0x00007fc72283d800 nmethod 113 0x0000000117892b50 code [0x0000000117892d00, 0x00000001178934e8]
Event: 73.232 Thread 0x00007fc723817000  115       3       java.util.ArrayList$SubList::size (9 bytes)
Event: 73.232 Thread 0x00007fc723817000 nmethod 115 0x0000000117899590 code [0x0000000117899720, 0x00000001178999a8]
Event: 76.450 Thread 0x00007fc722830000  116       4       java.util.ArrayList$SubList::size (9 bytes)
Event: 76.451 Thread 0x00007fc722830000 nmethod 116 0x00000001178927d0 code [0x0000000117892920, 0x00000001178929b8]
Event: 126.430 Thread 0x00007fc722830000  117 %     4       CountSubstrings.CountSubstrings::getNumber @ 43 (99 bytes)
Event: 126.444 Thread 0x00007fc722830000 nmethod 117% 0x0000000117897190 code [0x0000000117897320, 0x0000000117897b18]
Event: 127.666 Thread 0x00007fc72283d800  118       4       CountSubstrings.CountSubstrings::getNumber (99 bytes)
Event: 127.677 Thread 0x00007fc72283d800 nmethod 118 0x000000011789ba10 code [0x000000011789bbe0, 0x000000011789c228]

GC Heap History (10 events):
Event: 67.381 GC heap before
{Heap before GC invocations=2 (full 0):
 PSYoungGen      total 18944K, used 18942K [0x00000007aab00000, 0x00000007ac000000, 0x00000007c0000000)
  eden space 16384K, 100% used [0x00000007aab00000,0x00000007abb00000,0x00000007abb00000)
  from space 2560K, 99% used [0x00000007abb00000,0x00000007abd7f8f8,0x00000007abd80000)
  to   space 2560K, 0% used [0x00000007abd80000,0x00000007abd80000,0x00000007ac000000)
 ParOldGen       total 44032K, used 7628K [0x0000000780000000, 0x0000000782b00000, 0x00000007aab00000)
  object space 44032K, 17% used [0x0000000780000000,0x0000000780773030,0x0000000782b00000)
 Metaspace       used 3337K, capacity 4494K, committed 4864K, reserved 1056768K
  class space    used 377K, capacity 386K, committed 512K, reserved 1048576K
Event: 67.409 GC heap after
Heap after GC invocations=2 (full 0):
 PSYoungGen      total 18944K, used 2544K [0x00000007aab00000, 0x00000007ad000000, 0x00000007c0000000)
  eden space 16384K, 0% used [0x00000007aab00000,0x00000007aab00000,0x00000007abb00000)
  from space 2560K, 99% used [0x00000007abd80000,0x00000007abffc010,0x00000007ac000000)
  to   space 2560K, 0% used [0x00000007abb00000,0x00000007abb00000,0x00000007abd80000)
 ParOldGen       total 44032K, used 17496K [0x0000000780000000, 0x0000000782b00000, 0x00000007aab00000)
  object space 44032K, 39% used [0x0000000780000000,0x0000000781116040,0x0000000782b00000)
 Metaspace       used 3337K, capacity 4494K, committed 4864K, reserved 1056768K
  class space    used 377K, capacity 386K, committed 512K, reserved 1048576K
}
Event: 67.417 GC heap before
{Heap before GC invocations=3 (full 0):
 PSYoungGen      total 18944K, used 18928K [0x00000007aab00000, 0x00000007ad000000, 0x00000007c0000000)
  eden space 16384K, 100% used [0x00000007aab00000,0x00000007abb00000,0x00000007abb00000)
  from space 2560K, 99% used [0x00000007abd80000,0x00000007abffc010,0x00000007ac000000)
  to   space 2560K, 0% used [0x00000007abb00000,0x00000007abb00000,0x00000007abd80000)
 ParOldGen       total 44032K, used 17496K [0x0000000780000000, 0x0000000782b00000, 0x00000007aab00000)
  object space 44032K, 39% used [0x0000000780000000,0x0000000781116040,0x0000000782b00000)
 Metaspace       used 3344K, capacity 4494K, committed 4864K, reserved 1056768K
  class space    used 377K, capacity 386K, committed 512K, reserved 1048576K
Event: 67.461 GC heap after
Heap after GC invocations=3 (full 0):
 PSYoungGen      total 18944K, used 2544K [0x00000007aab00000, 0x00000007ad000000, 0x00000007c0000000)
  eden space 16384K, 0% used [0x00000007aab00000,0x00000007aab00000,0x00000007abb00000)
  from space 2560K, 99% used [0x00000007abb00000,0x00000007abd7c010,0x00000007abd80000)
  to   space 2560K, 0% used [0x00000007acd80000,0x00000007acd80000,0x00000007ad000000)
 ParOldGen       total 44032K, used 32514K [0x0000000780000000, 0x0000000782b00000, 0x00000007aab00000)
  object space 44032K, 73% used [0x0000000780000000,0x0000000781fc0848,0x0000000782b00000)
 Metaspace       used 3344K, capacity 4494K, committed 4864K, reserved 1056768K
  class space    used 377K, capacity 386K, committed 512K, reserved 1048576K
}
Event: 67.463 GC heap before
{Heap before GC invocations=4 (full 1):
 PSYoungGen      total 18944K, used 2544K [0x00000007aab00000, 0x00000007ad000000, 0x00000007c0000000)
  eden space 16384K, 0% used [0x00000007aab00000,0x00000007aab00000,0x00000007abb00000)
  from space 2560K, 99% used [0x00000007abb00000,0x00000007abd7c010,0x00000007abd80000)
  to   space 2560K, 0% used [0x00000007acd80000,0x00000007acd80000,0x00000007ad000000)
 ParOldGen       total 44032K, used 32514K [0x0000000780000000, 0x0000000782b00000, 0x00000007aab00000)
  object space 44032K, 73% used [0x0000000780000000,0x0000000781fc0848,0x0000000782b00000)
 Metaspace       used 3344K, capacity 4494K, committed 4864K, reserved 1056768K
  class space    used 377K, capacity 386K, committed 512K, reserved 1048576K
Event: 67.771 GC heap after
Heap after GC invocations=4 (full 1):
 PSYoungGen      total 18944K, used 0K [0x00000007aab00000, 0x00000007ad000000, 0x00000007c0000000)
  eden space 16384K, 0% used [0x00000007aab00000,0x00000007aab00000,0x00000007abb00000)
  from space 2560K, 0% used [0x00000007abb00000,0x00000007abb00000,0x00000007abd80000)
  to   space 2560K, 0% used [0x00000007acd80000,0x00000007acd80000,0x00000007ad000000)
 ParOldGen       total 63488K, used 30221K [0x0000000780000000, 0x0000000783e00000, 0x00000007aab00000)
  object space 63488K, 47% used [0x0000000780000000,0x0000000781d837c0,0x0000000783e00000)
 Metaspace       used 3344K, capacity 4494K, committed 4864K, reserved 1056768K
  class space    used 377K, capacity 386K, committed 512K, reserved 1048576K
}
Event: 67.795 GC heap before
{Heap before GC invocations=5 (full 1):
 PSYoungGen      total 18944K, used 16384K [0x00000007aab00000, 0x00000007ad000000, 0x00000007c0000000)
  eden space 16384K, 100% used [0x00000007aab00000,0x00000007abb00000,0x00000007abb00000)
  from space 2560K, 0% used [0x00000007abb00000,0x00000007abb00000,0x00000007abd80000)
  to   space 2560K, 0% used [0x00000007acd80000,0x00000007acd80000,0x00000007ad000000)
 ParOldGen       total 63488K, used 40904K [0x0000000780000000, 0x0000000783e00000, 0x00000007aab00000)
  object space 63488K, 64% used [0x0000000780000000,0x00000007827f23c8,0x0000000783e00000)
 Metaspace       used 3351K, capacity 4494K, committed 4864K, reserved 1056768K
  class space    used 377K, capacity 386K, committed 512K, reserved 1048576K
Event: 67.870 GC heap after
Heap after GC invocations=5 (full 1):
 PSYoungGen      total 35328K, used 2560K [0x00000007aab00000, 0x00000007ad000000, 0x00000007c0000000)
  eden space 32768K, 0% used [0x00000007aab00000,0x00000007aab00000,0x00000007acb00000)
  from space 2560K, 100% used [0x00000007acd80000,0x00000007ad000000,0x00000007ad000000)
  to   space 2560K, 0% used [0x00000007acb00000,0x00000007acb00000,0x00000007acd80000)
 ParOldGen       total 63488K, used 51856K [0x0000000780000000, 0x0000000783e00000, 0x00000007aab00000)
  object space 63488K, 81% used [0x0000000780000000,0x00000007832a43c8,0x0000000783e00000)
 Metaspace       used 3351K, capacity 4494K, committed 4864K, reserved 1056768K
  class space    used 377K, capacity 386K, committed 512K, reserved 1048576K
}
Event: 67.870 GC heap before
{Heap before GC invocations=6 (full 2):
 PSYoungGen      total 35328K, used 2560K [0x00000007aab00000, 0x00000007ad000000, 0x00000007c0000000)
  eden space 32768K, 0% used [0x00000007aab00000,0x00000007aab00000,0x00000007acb00000)
  from space 2560K, 100% used [0x00000007acd80000,0x00000007ad000000,0x00000007ad000000)
  to   space 2560K, 0% used [0x00000007acb00000,0x00000007acb00000,0x00000007acd80000)
 ParOldGen       total 63488K, used 51856K [0x0000000780000000, 0x0000000783e00000, 0x00000007aab00000)
  object space 63488K, 81% used [0x0000000780000000,0x00000007832a43c8,0x0000000783e00000)
 Metaspace       used 3351K, capacity 4494K, committed 4864K, reserved 1056768K
  class space    used 377K, capacity 386K, committed 512K, reserved 1048576K
Event: 68.252 GC heap after
Heap after GC invocations=6 (full 2):
 PSYoungGen      total 35328K, used 0K [0x00000007aab00000, 0x00000007ad000000, 0x00000007c0000000)
  eden space 32768K, 0% used [0x00000007aab00000,0x00000007aab00000,0x00000007acb00000)
  from space 2560K, 0% used [0x00000007acd80000,0x00000007acd80000,0x00000007ad000000)
  to   space 2560K, 0% used [0x00000007acb00000,0x00000007acb00000,0x00000007acd80000)
 ParOldGen       total 89088K, used 47257K [0x0000000780000000, 0x0000000785700000, 0x00000007aab00000)
  object space 89088K, 53% used [0x0000000780000000,0x0000000782e264f8,0x0000000785700000)
 Metaspace       used 3351K, capacity 4494K, committed 4864K, reserved 1056768K
  class space    used 377K, capacity 386K, committed 512K, reserved 1048576K
}

Deoptimization events (8 events):
Event: 68.277 Thread 0x00007fc723802000 Uncommon trap: reason=unstable_if action=reinterpret pc=0x0000000117877c20 method=CountSubstrings.CountSubstrings.main([Ljava/lang/String;)V @ 123
Event: 73.015 Thread 0x00007fc723802000 Uncommon trap: reason=unstable_if action=reinterpret pc=0x0000000117842440 method=java.util.ArrayList.ensureCapacityInternal(I)V @ 7
Event: 73.031 Thread 0x00007fc723802000 Uncommon trap: reason=unstable_if action=reinterpret pc=0x00000001178924b4 method=CountSubstrings.CountSubstrings.findBrute(Ljava/util/List;Ljava/util/List;)I @ 74
Event: 73.051 Thread 0x00007fc723802000 Uncommon trap: reason=class_check action=maybe_recompile pc=0x000000011788de6c method=CountSubstrings.CountSubstrings.findBrute(Ljava/util/List;Ljava/util/List;)I @ 1
Event: 73.052 Thread 0x00007fc723802000 Uncommon trap: reason=predicate action=maybe_recompile pc=0x00000001178948a8 method=CountSubstrings.CountSubstrings.findBrute(Ljava/util/List;Ljava/util/List;)I @ 20
Event: 73.079 Thread 0x00007fc723802000 Uncommon trap: reason=class_check action=maybe_recompile pc=0x000000011788de6c method=CountSubstrings.CountSubstrings.findBrute(Ljava/util/List;Ljava/util/List;)I @ 1
Event: 73.080 Thread 0x00007fc723802000 Uncommon trap: reason=class_check action=maybe_recompile pc=0x000000011788de6c method=CountSubstrings.CountSubstrings.findBrute(Ljava/util/List;Ljava/util/List;)I @ 1
Event: 73.082 Thread 0x00007fc723802000 Uncommon trap: reason=class_check action=maybe_recompile pc=0x000000011788de6c method=CountSubstrings.CountSubstrings.findBrute(Ljava/util/List;Ljava/util/List;)I @ 1

Internal exceptions (7 events):
Event: 0.044 Thread 0x00007fc723802000 Exception <a 'java/lang/NoSuchMethodError': Method sun.misc.Unsafe.defineClass(Ljava/lang/String;[BII)Ljava/lang/Class; name or signature does not match> (0x00000007aab07c78) thrown at [/Users/java_re/workspace/8-2-build-macosx-x86_64/jdk8u111/7883/hotspo
Event: 0.044 Thread 0x00007fc723802000 Exception <a 'java/lang/NoSuchMethodError': Method sun.misc.Unsafe.prefetchRead(Ljava/lang/Object;J)V name or signature does not match> (0x00000007aab07f60) thrown at [/Users/java_re/workspace/8-2-build-macosx-x86_64/jdk8u111/7883/hotspot/src/share/vm/pri
Event: 0.153 Thread 0x00007fc723802000 Exception <a 'java/security/PrivilegedActionException'> (0x00000007aab9c5c0) thrown at [/Users/java_re/workspace/8-2-build-macosx-x86_64/jdk8u111/7883/hotspot/src/share/vm/prims/jvm.cpp, line 1386]
Event: 0.153 Thread 0x00007fc723802000 Exception <a 'java/security/PrivilegedActionException'> (0x00000007aab9c9b8) thrown at [/Users/java_re/workspace/8-2-build-macosx-x86_64/jdk8u111/7883/hotspot/src/share/vm/prims/jvm.cpp, line 1386]
Event: 0.154 Thread 0x00007fc723802000 Exception <a 'java/security/PrivilegedActionException'> (0x00000007aab9fea8) thrown at [/Users/java_re/workspace/8-2-build-macosx-x86_64/jdk8u111/7883/hotspot/src/share/vm/prims/jvm.cpp, line 1386]
Event: 0.154 Thread 0x00007fc723802000 Exception <a 'java/security/PrivilegedActionException'> (0x00000007aaba02a0) thrown at [/Users/java_re/workspace/8-2-build-macosx-x86_64/jdk8u111/7883/hotspot/src/share/vm/prims/jvm.cpp, line 1386]
Event: 17.799 Thread 0x00007fc723802000 Exception <a 'java/io/FileNotFoundException'> (0x00000007aac08748) thrown at [/Users/java_re/workspace/8-2-build-macosx-x86_64/jdk8u111/7883/hotspot/src/share/vm/prims/jni.cpp, line 709]

Events (10 events):
Event: 73.080 Thread 0x00007fc723802000 DEOPT PACKING pc=0x000000011788de6c sp=0x000070000fd6e790
Event: 73.080 Thread 0x00007fc723802000 DEOPT UNPACKING pc=0x0000000117727229 sp=0x000070000fd6e768 mode 2
Event: 73.082 Thread 0x00007fc723802000 Uncommon trap: trap_request=0xffffffde fr.pc=0x000000011788de6c
Event: 73.082 Thread 0x00007fc723802000 DEOPT PACKING pc=0x000000011788de6c sp=0x000070000fd6e790
Event: 73.082 Thread 0x00007fc723802000 DEOPT UNPACKING pc=0x0000000117727229 sp=0x000070000fd6e768 mode 2
Event: 244.329 loading class sun/misc/Signal$1
Event: 244.330 loading class sun/misc/Signal$1 done
Event: 244.331 Thread 0x00007fc72285b000 Thread added: 0x00007fc72285b000
Event: 244.331 loading class java/lang/Shutdown
Event: 244.332 Executing VM operation: ParallelGCFailedAllocation


Dynamic libraries:
0x000000002eb82000 	/System/Library/Frameworks/Cocoa.framework/Versions/A/Cocoa
0x000000002eb82000 	/System/Library/Frameworks/Security.framework/Versions/A/Security
0x000000002eb82000 	/System/Library/Frameworks/ApplicationServices.framework/Versions/A/ApplicationServices
0x000000002eb82000 	/usr/lib/libz.1.dylib
0x000000002eb82000 	/usr/lib/libSystem.B.dylib
0x000000002eb82000 	/usr/lib/libobjc.A.dylib
0x000000002eb82000 	/System/Library/Frameworks/CoreFoundation.framework/Versions/A/CoreFoundation
0x000000002eb82000 	/System/Library/Frameworks/Foundation.framework/Versions/C/Foundation
0x000000002eb82000 	/System/Library/Frameworks/AppKit.framework/Versions/C/AppKit
0x000000002eb82000 	/System/Library/Frameworks/CoreData.framework/Versions/A/CoreData
0x000000002eb82000 	/System/Library/PrivateFrameworks/RemoteViewServices.framework/Versions/A/RemoteViewServices
0x000000002eb82000 	/System/Library/PrivateFrameworks/UIFoundation.framework/Versions/A/UIFoundation
0x000000002eb82000 	/System/Library/PrivateFrameworks/DFRFoundation.framework/Versions/A/DFRFoundation
0x000000002eb82000 	/usr/lib/libenergytrace.dylib
0x000000002eb82000 	/System/Library/PrivateFrameworks/SkyLight.framework/Versions/A/SkyLight
0x000000002eb82000 	/System/Library/Frameworks/CoreGraphics.framework/Versions/A/CoreGraphics
0x000000002eb82000 	/usr/lib/libScreenReader.dylib
0x000000002eb82000 	/System/Library/Frameworks/Accelerate.framework/Versions/A/Accelerate
0x000000002eb82000 	/System/Library/Frameworks/IOSurface.framework/Versions/A/IOSurface
0x000000002eb82000 	/System/Library/Frameworks/AudioToolbox.framework/Versions/A/AudioToolbox
0x000000002eb82000 	/System/Library/Frameworks/AudioUnit.framework/Versions/A/AudioUnit
0x000000002eb82000 	/System/Library/PrivateFrameworks/DataDetectorsCore.framework/Versions/A/DataDetectorsCore
0x000000002eb82000 	/System/Library/PrivateFrameworks/DesktopServicesPriv.framework/Versions/A/DesktopServicesPriv
0x000000002eb82000 	/System/Library/Frameworks/Carbon.framework/Versions/A/Frameworks/HIToolbox.framework/Versions/A/HIToolbox
0x000000002eb82000 	/usr/lib/libicucore.A.dylib
0x000000002eb82000 	/System/Library/Frameworks/QuartzCore.framework/Versions/A/QuartzCore
0x000000002eb82000 	/System/Library/Frameworks/Carbon.framework/Versions/A/Frameworks/SpeechRecognition.framework/Versions/A/SpeechRecognition
0x000000002eb82000 	/usr/lib/libauto.dylib
0x000000002eb82000 	/usr/lib/libxml2.2.dylib
0x000000002eb82000 	/System/Library/PrivateFrameworks/CoreUI.framework/Versions/A/CoreUI
0x000000002eb82000 	/System/Library/Frameworks/CoreAudio.framework/Versions/A/CoreAudio
0x000000002eb82000 	/System/Library/Frameworks/DiskArbitration.framework/Versions/A/DiskArbitration
0x000000002eb82000 	/usr/lib/liblangid.dylib
0x000000002eb82000 	/System/Library/PrivateFrameworks/MultitouchSupport.framework/Versions/A/MultitouchSupport
0x000000002eb82000 	/System/Library/Frameworks/IOKit.framework/Versions/A/IOKit
0x000000002eb82000 	/usr/lib/libDiagnosticMessagesClient.dylib
0x000000002eb82000 	/System/Library/Frameworks/CoreServices.framework/Versions/A/CoreServices
0x000000002eb82000 	/System/Library/PrivateFrameworks/PerformanceAnalysis.framework/Versions/A/PerformanceAnalysis
0x000000002eb82000 	/System/Library/PrivateFrameworks/GenerationalStorage.framework/Versions/A/GenerationalStorage
0x000000002eb82000 	/System/Library/Frameworks/OpenGL.framework/Versions/A/OpenGL
0x000000002eb82000 	/System/Library/Frameworks/CoreImage.framework/Versions/A/CoreImage
0x000000002eb82000 	/System/Library/Frameworks/CoreText.framework/Versions/A/CoreText
0x000000002eb82000 	/System/Library/Frameworks/ImageIO.framework/Versions/A/ImageIO
0x000000002eb82000 	/System/Library/PrivateFrameworks/Backup.framework/Versions/A/Backup
0x000000002eb82000 	/usr/lib/libarchive.2.dylib
0x000000002eb82000 	/System/Library/Frameworks/CFNetwork.framework/Versions/A/CFNetwork
0x000000002eb82000 	/System/Library/Frameworks/SystemConfiguration.framework/Versions/A/SystemConfiguration
0x000000002eb82000 	/usr/lib/libCRFSuite.dylib
0x000000002eb82000 	/usr/lib/libc++.1.dylib
0x000000002eb82000 	/usr/lib/libc++abi.dylib
0x000000002eb82000 	/usr/lib/system/libcache.dylib
0x000000002eb82000 	/usr/lib/system/libcommonCrypto.dylib
0x000000002eb82000 	/usr/lib/system/libcompiler_rt.dylib
0x000000002eb82000 	/usr/lib/system/libcopyfile.dylib
0x000000002eb82000 	/usr/lib/system/libcorecrypto.dylib
0x000000002eb82000 	/usr/lib/system/libdispatch.dylib
0x000000002eb82000 	/usr/lib/system/libdyld.dylib
0x000000002eb82000 	/usr/lib/system/libkeymgr.dylib
0x000000002eb82000 	/usr/lib/system/liblaunch.dylib
0x000000002eb82000 	/usr/lib/system/libmacho.dylib
0x000000002eb82000 	/usr/lib/system/libquarantine.dylib
0x000000002eb82000 	/usr/lib/system/libremovefile.dylib
0x000000002eb82000 	/usr/lib/system/libsystem_asl.dylib
0x000000002eb82000 	/usr/lib/system/libsystem_blocks.dylib
0x000000002eb82000 	/usr/lib/system/libsystem_c.dylib
0x000000002eb82000 	/usr/lib/system/libsystem_configuration.dylib
0x000000002eb82000 	/usr/lib/system/libsystem_coreservices.dylib
0x000000002eb82000 	/usr/lib/system/libsystem_coretls.dylib
0x000000002eb82000 	/usr/lib/system/libsystem_dnssd.dylib
0x000000002eb82000 	/usr/lib/system/libsystem_info.dylib
0x000000002eb82000 	/usr/lib/system/libsystem_kernel.dylib
0x000000002eb82000 	/usr/lib/system/libsystem_m.dylib
0x000000002eb82000 	/usr/lib/system/libsystem_malloc.dylib
0x000000002eb82000 	/usr/lib/system/libsystem_network.dylib
0x000000002eb82000 	/usr/lib/system/libsystem_networkextension.dylib
0x000000002eb82000 	/usr/lib/system/libsystem_notify.dylib
0x000000002eb82000 	/usr/lib/system/libsystem_platform.dylib
0x000000002eb82000 	/usr/lib/system/libsystem_pthread.dylib
0x000000002eb82000 	/usr/lib/system/libsystem_sandbox.dylib
0x000000002eb82000 	/usr/lib/system/libsystem_secinit.dylib
0x000000002eb82000 	/usr/lib/system/libsystem_symptoms.dylib
0x000000002eb82000 	/usr/lib/system/libsystem_trace.dylib
0x000000002eb82000 	/usr/lib/system/libunwind.dylib
0x000000002eb82000 	/usr/lib/system/libxpc.dylib
0x000000002eb82000 	/usr/lib/libbsm.0.dylib
0x000000002eb82000 	/usr/lib/system/libkxld.dylib
0x000000002eb82000 	/usr/lib/libcoretls.dylib
0x000000002eb82000 	/usr/lib/libcoretls_cfhelpers.dylib
0x000000002eb82000 	/usr/lib/libxar.1.dylib
0x000000002eb82000 	/usr/lib/libsqlite3.dylib
0x000000002eb82000 	/usr/lib/libpam.2.dylib
0x000000002eb82000 	/usr/lib/libOpenScriptingUtil.dylib
0x000000002eb82000 	/usr/lib/libbz2.1.0.dylib
0x000000002eb82000 	/usr/lib/liblzma.5.dylib
0x000000002eb82000 	/usr/lib/libnetwork.dylib
0x000000002eb82000 	/usr/lib/libpcap.A.dylib
0x000000002eb82000 	/System/Library/Frameworks/CoreServices.framework/Versions/A/Frameworks/FSEvents.framework/Versions/A/FSEvents
0x000000002eb82000 	/System/Library/Frameworks/CoreServices.framework/Versions/A/Frameworks/CarbonCore.framework/Versions/A/CarbonCore
0x000000002eb82000 	/System/Library/Frameworks/CoreServices.framework/Versions/A/Frameworks/Metadata.framework/Versions/A/Metadata
0x000000002eb82000 	/System/Library/Frameworks/CoreServices.framework/Versions/A/Frameworks/OSServices.framework/Versions/A/OSServices
0x000000002eb82000 	/System/Library/Frameworks/CoreServices.framework/Versions/A/Frameworks/SearchKit.framework/Versions/A/SearchKit
0x000000002eb82000 	/System/Library/Frameworks/CoreServices.framework/Versions/A/Frameworks/AE.framework/Versions/A/AE
0x000000002eb82000 	/System/Library/Frameworks/CoreServices.framework/Versions/A/Frameworks/LaunchServices.framework/Versions/A/LaunchServices
0x000000002eb82000 	/System/Library/Frameworks/CoreServices.framework/Versions/A/Frameworks/DictionaryServices.framework/Versions/A/DictionaryServices
0x000000002eb82000 	/System/Library/Frameworks/CoreServices.framework/Versions/A/Frameworks/SharedFileList.framework/Versions/A/SharedFileList
0x000000002eb82000 	/System/Library/Frameworks/NetFS.framework/Versions/A/NetFS
0x000000002eb82000 	/System/Library/PrivateFrameworks/NetAuth.framework/Versions/A/NetAuth
0x000000002eb82000 	/System/Library/PrivateFrameworks/login.framework/Versions/A/Frameworks/loginsupport.framework/Versions/A/loginsupport
0x000000002eb82000 	/System/Library/PrivateFrameworks/TCC.framework/Versions/A/TCC
0x000000002eb82000 	/usr/lib/libmecabra.dylib
0x000000002eb82000 	/System/Library/Frameworks/ApplicationServices.framework/Versions/A/Frameworks/ATS.framework/Versions/A/ATS
0x000000002eb82000 	/System/Library/Frameworks/ApplicationServices.framework/Versions/A/Frameworks/ColorSync.framework/Versions/A/ColorSync
0x000000002eb82000 	/System/Library/Frameworks/ApplicationServices.framework/Versions/A/Frameworks/HIServices.framework/Versions/A/HIServices
0x000000002eb82000 	/System/Library/Frameworks/ApplicationServices.framework/Versions/A/Frameworks/LangAnalysis.framework/Versions/A/LangAnalysis
0x000000002eb82000 	/System/Library/Frameworks/ApplicationServices.framework/Versions/A/Frameworks/PrintCore.framework/Versions/A/PrintCore
0x000000002eb82000 	/System/Library/Frameworks/ApplicationServices.framework/Versions/A/Frameworks/QD.framework/Versions/A/QD
0x000000002eb82000 	/System/Library/Frameworks/ApplicationServices.framework/Versions/A/Frameworks/SpeechSynthesis.framework/Versions/A/SpeechSynthesis
0x000000002eb82000 	/System/Library/Frameworks/Accelerate.framework/Versions/A/Frameworks/vImage.framework/Versions/A/vImage
0x000000002eb82000 	/System/Library/Frameworks/Accelerate.framework/Versions/A/Frameworks/vecLib.framework/Versions/A/vecLib
0x000000002eb82000 	/System/Library/Frameworks/Accelerate.framework/Versions/A/Frameworks/vecLib.framework/Versions/A/libvDSP.dylib
0x000000002eb82000 	/System/Library/Frameworks/Accelerate.framework/Versions/A/Frameworks/vecLib.framework/Versions/A/libBNNS.dylib
0x000000002eb82000 	/System/Library/Frameworks/Accelerate.framework/Versions/A/Frameworks/vecLib.framework/Versions/A/libQuadrature.dylib
0x000000002eb82000 	/System/Library/Frameworks/Accelerate.framework/Versions/A/Frameworks/vecLib.framework/Versions/A/libvMisc.dylib
0x000000002eb82000 	/System/Library/Frameworks/Accelerate.framework/Versions/A/Frameworks/vecLib.framework/Versions/A/libLAPACK.dylib
0x000000002eb82000 	/System/Library/Frameworks/Accelerate.framework/Versions/A/Frameworks/vecLib.framework/Versions/A/libBLAS.dylib
0x000000002eb82000 	/System/Library/Frameworks/Accelerate.framework/Versions/A/Frameworks/vecLib.framework/Versions/A/libLinearAlgebra.dylib
0x000000002eb82000 	/System/Library/Frameworks/Accelerate.framework/Versions/A/Frameworks/vecLib.framework/Versions/A/libSparseBLAS.dylib
0x000000002eb82000 	/System/Library/Frameworks/ApplicationServices.framework/Versions/A/Frameworks/ATS.framework/Versions/A/Resources/libFontParser.dylib
0x000000002eb82000 	/System/Library/Frameworks/ApplicationServices.framework/Versions/A/Frameworks/ATS.framework/Versions/A/Resources/libFontRegistry.dylib
0x000000002eb82000 	/System/Library/Frameworks/ImageIO.framework/Versions/A/Resources/libJPEG.dylib
0x000000002eb82000 	/System/Library/Frameworks/ImageIO.framework/Versions/A/Resources/libTIFF.dylib
0x000000002eb82000 	/System/Library/Frameworks/ImageIO.framework/Versions/A/Resources/libPng.dylib
0x000000002eb82000 	/System/Library/Frameworks/ImageIO.framework/Versions/A/Resources/libGIF.dylib
0x000000002eb82000 	/System/Library/Frameworks/ImageIO.framework/Versions/A/Resources/libJP2.dylib
0x000000002eb82000 	/System/Library/Frameworks/ImageIO.framework/Versions/A/Resources/libRadiance.dylib
0x000000002eb82000 	/usr/lib/libcompression.dylib
0x000000002eb82000 	/System/Library/PrivateFrameworks/AppleJPEG.framework/Versions/A/AppleJPEG
0x000000002eb82000 	/usr/lib/libcups.2.dylib
0x000000002eb82000 	/System/Library/Frameworks/Kerberos.framework/Versions/A/Kerberos
0x000000002eb82000 	/System/Library/Frameworks/GSS.framework/Versions/A/GSS
0x000000002eb82000 	/usr/lib/libresolv.9.dylib
0x000000002eb82000 	/usr/lib/libiconv.2.dylib
0x000000002eb82000 	/System/Library/PrivateFrameworks/Heimdal.framework/Versions/A/Heimdal
0x000000002eb82000 	/usr/lib/libheimdal-asn1.dylib
0x000000002eb82000 	/System/Library/Frameworks/OpenDirectory.framework/Versions/A/OpenDirectory
0x000000002eb82000 	/System/Library/PrivateFrameworks/CommonAuth.framework/Versions/A/CommonAuth
0x000000002eb82000 	/System/Library/Frameworks/OpenDirectory.framework/Versions/A/Frameworks/CFOpenDirectory.framework/Versions/A/CFOpenDirectory
0x000000002eb82000 	/System/Library/Frameworks/SecurityFoundation.framework/Versions/A/SecurityFoundation
0x000000002eb82000 	/System/Library/PrivateFrameworks/LanguageModeling.framework/Versions/A/LanguageModeling
0x000000002eb82000 	/usr/lib/libmarisa.dylib
0x000000002eb82000 	/usr/lib/libChineseTokenizer.dylib
0x000000002eb82000 	/usr/lib/libcmph.dylib
0x000000002eb82000 	/System/Library/PrivateFrameworks/CoreEmoji.framework/Versions/A/CoreEmoji
0x000000002eb82000 	/System/Library/Frameworks/ServiceManagement.framework/Versions/A/ServiceManagement
0x000000002eb82000 	/usr/lib/libxslt.1.dylib
0x000000002eb82000 	/System/Library/Frameworks/Carbon.framework/Versions/A/Frameworks/Ink.framework/Versions/A/Ink
0x000000002eb82000 	/System/Library/PrivateFrameworks/TextureIO.framework/Versions/A/TextureIO
0x000000002eb82000 	/System/Library/Frameworks/Metal.framework/Versions/A/Metal
0x000000002eb82000 	/usr/lib/libate.dylib
0x000000002eb82000 	/System/Library/PrivateFrameworks/GPUCompiler.framework/libmetal_timestamp.dylib
0x000000002eb82000 	/System/Library/Frameworks/OpenGL.framework/Versions/A/Libraries/libCoreFSCache.dylib
0x000000002eb82000 	/System/Library/PrivateFrameworks/IOAccelerator.framework/Versions/A/IOAccelerator
0x000000002eb82000 	/System/Library/Frameworks/CoreVideo.framework/Versions/A/CoreVideo
0x000000002eb82000 	/usr/lib/libFosl_dynamic.dylib
0x000000002eb82000 	/System/Library/PrivateFrameworks/MetalPerformanceShaders.framework/Versions/A/MetalPerformanceShaders
0x000000002eb82000 	/System/Library/PrivateFrameworks/FaceCore.framework/Versions/A/FaceCore
0x000000002eb82000 	/System/Library/Frameworks/OpenCL.framework/Versions/A/OpenCL
0x000000002eb82000 	/System/Library/Frameworks/OpenGL.framework/Versions/A/Libraries/libGLU.dylib
0x000000002eb82000 	/System/Library/Frameworks/OpenGL.framework/Versions/A/Libraries/libGFXShared.dylib
0x000000002eb82000 	/System/Library/Frameworks/OpenGL.framework/Versions/A/Libraries/libGL.dylib
0x000000002eb82000 	/System/Library/Frameworks/OpenGL.framework/Versions/A/Libraries/libGLImage.dylib
0x000000002eb82000 	/System/Library/Frameworks/OpenGL.framework/Versions/A/Libraries/libCVMSPluginSupport.dylib
0x000000002eb82000 	/System/Library/Frameworks/OpenGL.framework/Versions/A/Libraries/libCoreVMClient.dylib
0x000000002eb82000 	/System/Library/PrivateFrameworks/CrashReporterSupport.framework/Versions/A/CrashReporterSupport
0x000000002eb82000 	/System/Library/PrivateFrameworks/Sharing.framework/Versions/A/Sharing
0x000000002eb82000 	/System/Library/PrivateFrameworks/IconServices.framework/Versions/A/IconServices
0x000000002eb82000 	/System/Library/PrivateFrameworks/ProtocolBuffer.framework/Versions/A/ProtocolBuffer
0x000000002eb82000 	/System/Library/PrivateFrameworks/Apple80211.framework/Versions/A/Apple80211
0x000000002eb82000 	/System/Library/Frameworks/CoreWLAN.framework/Versions/A/CoreWLAN
0x000000002eb82000 	/System/Library/PrivateFrameworks/CoreUtils.framework/Versions/A/CoreUtils
0x000000002eb82000 	/System/Library/Frameworks/IOBluetooth.framework/Versions/A/IOBluetooth
0x000000002eb82000 	/System/Library/PrivateFrameworks/CoreWiFi.framework/Versions/A/CoreWiFi
0x000000002eb82000 	/System/Library/Frameworks/CoreBluetooth.framework/Versions/A/CoreBluetooth
0x000000002eb82000 	/System/Library/Frameworks/CoreDisplay.framework/Versions/A/CoreDisplay
0x000000002eb82000 	/System/Library/PrivateFrameworks/IOPresentment.framework/Versions/A/IOPresentment
0x000000002eb82000 	/System/Library/PrivateFrameworks/DebugSymbols.framework/Versions/A/DebugSymbols
0x000000002eb82000 	/System/Library/PrivateFrameworks/CoreSymbolication.framework/Versions/A/CoreSymbolication
0x000000002eb82000 	/System/Library/PrivateFrameworks/Symbolication.framework/Versions/A/Symbolication
0x000000002eb82000 	/System/Library/PrivateFrameworks/AppleFSCompression.framework/Versions/A/AppleFSCompression
0x000000002eb82000 	/System/Library/PrivateFrameworks/SpeechRecognitionCore.framework/Versions/A/SpeechRecognitionCore
0x000000002eb82000 	/System/Library/PrivateFrameworks/ChunkingLibrary.framework/Versions/A/ChunkingLibrary
0x000000010f000000 	/Library/Java/JavaVirtualMachines/jdk1.8.0_111.jdk/Contents/Home/jre/lib/server/libjvm.dylib
0x000000002eb82000 	/usr/lib/libstdc++.6.dylib
0x000000010e673000 	/Library/Java/JavaVirtualMachines/jdk1.8.0_111.jdk/Contents/Home/jre/lib/libverify.dylib
0x000000010e681000 	/Library/Java/JavaVirtualMachines/jdk1.8.0_111.jdk/Contents/Home/jre/lib/libjava.dylib
0x000000010e6c0000 	/Library/Java/JavaVirtualMachines/jdk1.8.0_111.jdk/Contents/Home/jre/lib/libzip.dylib
0x000000011426e000 	/System/Library/Frameworks/JavaVM.framework/Frameworks/JavaRuntimeSupport.framework/JavaRuntimeSupport
0x0000000114288000 	/System/Library/Frameworks/JavaVM.framework/Versions/A/Frameworks/JavaNativeFoundation.framework/Versions/A/JavaNativeFoundation
0x000000011429d000 	/System/Library/Frameworks/JavaVM.framework/Versions/A/JavaVM
0x000000002eb82000 	/System/Library/Frameworks/Carbon.framework/Versions/A/Carbon
0x00000001142aa000 	/System/Library/PrivateFrameworks/JavaLaunching.framework/Versions/A/JavaLaunching
0x000000002eb82000 	/System/Library/Frameworks/Carbon.framework/Versions/A/Frameworks/CommonPanels.framework/Versions/A/CommonPanels
0x000000002eb82000 	/System/Library/Frameworks/Carbon.framework/Versions/A/Frameworks/Help.framework/Versions/A/Help
0x000000002eb82000 	/System/Library/Frameworks/Carbon.framework/Versions/A/Frameworks/ImageCapture.framework/Versions/A/ImageCapture
0x000000002eb82000 	/System/Library/Frameworks/Carbon.framework/Versions/A/Frameworks/OpenScripting.framework/Versions/A/OpenScripting
0x000000002eb82000 	/System/Library/Frameworks/Carbon.framework/Versions/A/Frameworks/Print.framework/Versions/A/Print
0x000000002eb82000 	/System/Library/Frameworks/Carbon.framework/Versions/A/Frameworks/SecurityHI.framework/Versions/A/SecurityHI

VM Arguments:
jvm_args: -Dfile.encoding=UTF-8 
java_command: CountSubstrings.CountSubstrings
java_class_path (initial): /Users/shaoyutan/Desktop/School/SYSC2100/CountSubstrings/bin
Launcher Type: SUN_STANDARD

Environment Variables:
PATH=/usr/bin:/bin:/usr/sbin:/sbin
SHELL=/bin/bash

Signal Handlers:
SIGSEGV: [libjvm.dylib+0x5b03ed], sa_mask[0]=11111111011111110111111111111111, sa_flags=SA_ONSTACK|SA_RESTART|SA_SIGINFO
SIGBUS: [libjvm.dylib+0x5b03ed], sa_mask[0]=11111111011111110111111111111111, sa_flags=SA_RESTART|SA_SIGINFO
SIGFPE: [libjvm.dylib+0x48711c], sa_mask[0]=11111111011111110111111111111111, sa_flags=SA_RESTART|SA_SIGINFO
SIGPIPE: [libjvm.dylib+0x48711c], sa_mask[0]=11111111011111110111111111111111, sa_flags=SA_RESTART|SA_SIGINFO
SIGXFSZ: [libjvm.dylib+0x48711c], sa_mask[0]=11111111011111110111111111111111, sa_flags=SA_RESTART|SA_SIGINFO
SIGILL: [libjvm.dylib+0x48711c], sa_mask[0]=11111111011111110111111111111111, sa_flags=SA_RESTART|SA_SIGINFO
SIGUSR1: SIG_DFL, sa_mask[0]=00000000000000000000000000000000, sa_flags=none
SIGUSR2: [libjvm.dylib+0x486c3a], sa_mask[0]=00100000000000000000000000000000, sa_flags=SA_RESTART|SA_SIGINFO
SIGHUP: [libjvm.dylib+0x485211], sa_mask[0]=11111111011111110111111111111111, sa_flags=SA_RESTART|SA_SIGINFO
SIGINT: [libjvm.dylib+0x485211], sa_mask[0]=11111111011111110111111111111111, sa_flags=SA_RESTART|SA_SIGINFO
SIGTERM: [libjvm.dylib+0x485211], sa_mask[0]=11111111011111110111111111111111, sa_flags=SA_RESTART|SA_SIGINFO
SIGQUIT: [libjvm.dylib+0x485211], sa_mask[0]=11111111011111110111111111111111, sa_flags=SA_RESTART|SA_SIGINFO


---------------  S Y S T E M  ---------------

OS:Bsduname:Darwin 16.4.0 Darwin Kernel Version 16.4.0: Thu Dec 22 22:53:21 PST 2016; root:xnu-3789.41.3~3/RELEASE_X86_64 x86_64
rlimit: STACK 8192k, CORE 0k, NPROC 709, NOFILE 10240, AS infinity
load average:2.53 2.62 2.10

CPU:total 4 (2 cores per cpu, 2 threads per core) family 6 model 61 stepping 4, cmov, cx8, fxsr, mmx, sse, sse2, sse3, ssse3, sse4.1, sse4.2, popcnt, avx, avx2, aes, clmul, erms, 3dnowpref, lzcnt, ht, tsc, tscinvbit, bmi1, bmi2, adx

Memory: 4k page, physical 4194304k(177192k free)

/proc/meminfo:


vm_info: Java HotSpot(TM) 64-Bit Server VM (25.111-b14) for bsd-amd64 JRE (1.8.0_111-b14), built on Sep 22 2016 15:31:41 by "java_re" with gcc 4.2.1 (Based on Apple Inc. build 5658) (LLVM build 2336.11.00)

time: Fri Feb 10 12:45:47 2017
elapsed time: 849 seconds (0d 0h 14m 9s)

